<?xml version="1.0" encoding="utf-8" standalone="no"?>
<!--This file represents the results of running a test suite-->
<test-results name="C:\Users\logan\Documents\GitHub\ATMBanking\Banking\Banking\bin\Debug\Banking.dll" total="6" errors="0" failures="0" not-run="0" inconclusive="0" ignored="0" skipped="0" invalid="0" date="2015-02-19" time="13:12:38">
  <environment nunit-version="2.6.4.14350" clr-version="2.0.50727.7905" os-version="Microsoft Windows NT 6.2.9200.0" platform="Win32NT" cwd="C:\Program Files (x86)\NUnit 2.6.4\bin" machine-name="LOGAN-PC" user="logan" user-domain="LOGAN-PC" />
  <culture-info current-culture="en-US" current-uiculture="en-US" />
  <test-suite type="Assembly" name="C:\Users\logan\Documents\GitHub\ATMBanking\Banking\Banking\bin\Debug\Banking.dll" executed="True" result="Success" success="True" time="0.021" asserts="0">
    <results>
      <test-suite type="Namespace" name="Banking" executed="True" result="Success" success="True" time="0.020" asserts="0">
        <results>
          <test-suite type="TestFixture" name="UnitTests" executed="True" result="Success" success="True" time="0.019" asserts="0">
            <results>
              <test-case name="Banking.UnitTests.DepositChecking" executed="True" result="Success" success="True" time="0.000" asserts="1" />
              <test-case name="Banking.UnitTests.DepositSavings" executed="True" result="Success" success="True" time="0.000" asserts="1" />
              <test-case name="Banking.UnitTests.ViewCheckingBalance" executed="True" result="Success" success="True" time="0.000" asserts="1" />
              <test-case name="Banking.UnitTests.ViewSavingsBalance" executed="True" result="Success" success="True" time="0.000" asserts="1" />
              <test-case name="Banking.UnitTests.WithdrawChecking" executed="True" result="Success" success="True" time="0.000" asserts="1" />
              <test-case name="Banking.UnitTests.WithdrawSavings" executed="True" result="Success" success="True" time="0.000" asserts="1" />
            </results>
          </test-suite>
        </results>
      </test-suite>
    </results>
  </test-suite>
</test-results>