<?xml version="1.0" encoding="utf-8" standalone="no"?>
<!--This file represents the results of running a test suite-->
<test-results name="C:\Users\logan\Documents\GitHub\ATMBanking\Banking\Banking\bin\Debug\Banking.dll" total="1" errors="0" failures="1" not-run="0" inconclusive="0" ignored="0" skipped="0" invalid="0" date="2015-02-17" time="13:47:31">
  <environment nunit-version="2.6.4.14350" clr-version="2.0.50727.7905" os-version="Microsoft Windows NT 6.2.9200.0" platform="Win32NT" cwd="C:\Program Files (x86)\NUnit 2.6.4\bin" machine-name="LOGAN-PC" user="logan" user-domain="LOGAN-PC" />
  <culture-info current-culture="en-US" current-uiculture="en-US" />
  <test-suite type="Assembly" name="C:\Users\logan\Documents\GitHub\ATMBanking\Banking\Banking\bin\Debug\Banking.dll" executed="True" result="Failure" success="False" time="0.004" asserts="0">
    <results>
      <test-suite type="Namespace" name="Banking" executed="True" result="Failure" success="False" time="0.003" asserts="0">
        <results>
          <test-suite type="TestFixture" name="UnitTests" executed="True" result="Failure" success="False" time="0.002" asserts="0">
            <results>
              <test-case name="Banking.UnitTests.DepositSavings" executed="True" result="Failure" success="False" time="0.001" asserts="1">
                <failure>
                  <message><![CDATA[  Expected: 1350
  But was:  0
]]></message>
                  <stack-trace><![CDATA[at Banking.UnitTests.DepositSavings() in c:\Users\logan\Documents\GitHub\ATMBanking\Banking\Banking\UnitTests.cs:line 43
]]></stack-trace>
                </failure>
              </test-case>
            </results>
          </test-suite>
        </results>
      </test-suite>
    </results>
  </test-suite>
</test-results>