<?xml version="1.0" encoding="utf-8" standalone="no"?>
<!--This file represents the results of running a test suite-->
<test-results name="C:\Users\nwtech\Desktop\ATMTest\Bank\Bank\bin\Debug\Bank.dll" total="3" errors="0" failures="0" not-run="0" inconclusive="0" ignored="0" skipped="0" invalid="0" date="2015-02-12" time="13:15:43">
  <environment nunit-version="2.6.4.14350" clr-version="2.0.50727.5485" os-version="Microsoft Windows NT 6.1.7601 Service Pack 1" platform="Win32NT" cwd="C:\Program Files (x86)\NUnit 2.6.4\bin" machine-name="CIT132-27" user="nwtech" user-domain="CIT132-27" />
  <culture-info current-culture="en-US" current-uiculture="en-US" />
  <test-suite type="Assembly" name="C:\Users\nwtech\Desktop\ATMTest\Bank\Bank\bin\Debug\Bank.dll" executed="True" result="Success" success="True" time="0.062" asserts="0">
    <results>
      <test-suite type="Namespace" name="Bank" executed="True" result="Success" success="True" time="0.044" asserts="0">
        <results>
          <test-suite type="TestFixture" name="AccountTest" executed="True" result="Success" success="True" time="0.042" asserts="0">
            <results>
              <test-case name="Bank.AccountTest.Deposit" executed="True" result="Success" success="True" time="0.021" asserts="0" />
              <test-case name="Bank.AccountTest.ViewBalance" executed="True" result="Success" success="True" time="0.000" asserts="0" />
              <test-case name="Bank.AccountTest.Withdraw" executed="True" result="Success" success="True" time="0.001" asserts="0" />
            </results>
          </test-suite>
        </results>
      </test-suite>
    </results>
  </test-suite>
</test-results>